Arguments: 
  D:\downloads\nodeversion\node.exe D:\downloads\nodeversion\node_modules\yarn\bin\yarn.js

PATH: 
  C:\Program Files (x86)\VMware\VMware Workstation\bin\;C:\Program Files\Common Files\Oracle\Java\javapath;C:\Program Files (x86)\Common Files\Oracle\Java\javapath;C:\Windows\system32;C:\Windows;C:\Windows\System32\Wbem;C:\Windows\System32\WindowsPowerShell\v1.0\;C:\Windows\System32\OpenSSH\;D:\downloads\Bandizip\;D:\downloads\nvm;D:\downloads\nodeversion;C:\Program Files\Docker\Docker\resources\bin;C:\ProgramData\DockerDesktop\version-bin;C:\Program Files (x86)\NetSarang\Xftp 7\;C:\Program Files\Git\cmd;C:\Program Files\Go\bin;C:\Program Files\Java\jdk1.8.0_351\bin;C:\Program Files\Java\jdk1.8.0_351\jre\bin;D:\downloads\anaconda;D:\downloads\anaconda\Library\mingw-w64\bin;D:\downloads\anaconda\Library\usr\bin;D:\downloads\anaconda\Library\bin;D:\downloads\anaconda\Scripts;C:\Users\ytint\AppData\Local\Microsoft\WindowsApps;C:\Users\ytint\AppData\Local\Programs\Microsoft VS Code\bin;C:\Program Files\JetBrains\PyCharm 2021.2.4\bin;D:\downloads\Fiddler;D:\downloads\nvm;D:\downloads\nodeversion;C:\Users\ytint\AppData\Local\Android\Sdk\platform-tools;C:\Users\ytint\AppData\Local\Android\Sdk\tools;C:\Program Files\JetBrains\IntelliJ IDEA 2021.1.3\bin;;C:\Program Files\JetBrains\GoLand 2021.1.3\bin;;C:\Program Files\JetBrains\PyCharm 2021.1.3\bin;;D:\downloads\x86_64-8.1.0-release-posix-seh-rt_v6-rev0\mingw64\bin;C:\Program Files\JetBrains\CLion 2021.1.3\bin;;D:\downloads\vcpkg;C:\Users\ytint\go\bin;

Yarn version: 
  1.22.19

Node version: 
  16.16.0

Platform: 
  win32 x64

Trace: 
  Error: connect ETIMEDOUT 104.16.21.35:443
      at TCPConnectWrap.afterConnect [as oncomplete] (node:net:1187:16)

npm manifest: 
  {
    "name": "claw_electron",
    "version": "1.0.0",
    "description": "a exe clawer",
    "main": "main.js",
    "scripts": {
      "test": "echo \"Error: no test specified\" && exit 1",
      "start": "electron ."
    },
    "author": "DD",
    "license": "ISC",
    "dependencies": {
      "@electron-forge/cli": "^6.0.1",
      "cheerio": "^1.0.0-rc.12",
      "electron": "^21.2.3",
      "https-proxy-agent": "^5.0.1",
      "moment": "^2.29.4",
      "mysql2": "^2.3.3",
      "node-fetch": "^3.3.0"
    }
  }

yarn manifest: 
  No manifest

Lockfile: 
  No lockfile
